# JRE version: OpenJDK Runtime Environment Microsoft-8035246 (17.0.8+7) (build 17.0.8+7-LTS)
# Java VM: OpenJDK 64-Bit Server VM Microsoft-8035246 (17.0.8+7-LTS, mixed mode, sharing, tiered, compressed oops, compressed class ptrs, g1 gc, windows-amd64)
GC Precious Log:
 CPUs: 4 total, 4 available
 Memory: 8089M
 Large Page Support: Disabled
 NUMA Support: Disabled
 Compressed Oops: Enabled (32-bit)
 Heap Region Size: 1M
 Heap Min Capacity: 8M
 Heap Initial Capacity: 128M
 Heap Max Capacity: 2G
 Pre-touch: Disabled
 Parallel Workers: 4
 Concurrent Workers: 1
 Concurrent Refinement Workers: 4
 Periodic GC: Disabled
Heap:
 garbage-first heap   total 348160K, used 239470K [0x0000000080000000, 0x0000000100000000)
  region size 1024K, 23 young (23552K), 6 survivors (6144K)
 Metaspace       used 113828K, committed 115200K, reserved 557056K
  class space    used 15622K, committed 16256K, reserved 425984K
GC Heap History (20 events):
Event: 64.053 GC heap before
{Heap before GC invocations=43 (full 0):
 garbage-first heap   total 176128K, used 98456K [0x0000000080000000, 0x0000000100000000)
  region size 1024K, 8 young (8192K), 5 survivors (5120K)
 Metaspace       used 83232K, committed 83968K, reserved 557056K
  class space    used 11450K, committed 11776K, reserved 425984K
}
Event: 64.066 GC heap after
{Heap after GC invocations=44 (full 0):
 garbage-first heap   total 348160K, used 95451K [0x0000000080000000, 0x0000000100000000)
  region size 1024K, 1 young (1024K), 1 survivors (1024K)
 Metaspace       used 83232K, committed 83968K, reserved 557056K
  class space    used 11450K, committed 11776K, reserved 425984K
}
Event: 77.071 GC heap before
{Heap before GC invocations=44 (full 0):
 garbage-first heap   total 348160K, used 248027K [0x0000000080000000, 0x0000000100000000)
  region size 1024K, 149 young (152576K), 1 survivors (1024K)
 Metaspace       used 92785K, committed 93568K, reserved 557056K
  class space    used 12923K, committed 13312K, reserved 425984K
}
Event: 77.094 GC heap after
{Heap after GC invocations=45 (full 0):
 garbage-first heap   total 348160K, used 102625K [0x0000000080000000, 0x0000000100000000)
  region size 1024K, 8 young (8192K), 8 survivors (8192K)
 Metaspace       used 92785K, committed 93568K, reserved 557056K
  class space    used 12923K, committed 13312K, reserved 425984K
}
Event: 84.543 GC heap before
{Heap before GC invocations=45 (full 0):
 garbage-first heap   total 348160K, used 270561K [0x0000000080000000, 0x0000000100000000)
  region size 1024K, 165 young (168960K), 8 survivors (8192K)
 Metaspace       used 96396K, committed 97472K, reserved 557056K
  class space    used 13458K, committed 13952K, reserved 425984K
}
Event: 84.622 GC heap after
{Heap after GC invocations=46 (full 0):
 garbage-first heap   total 348160K, used 142510K [0x0000000080000000, 0x0000000100000000)
  region size 1024K, 21 young (21504K), 21 survivors (21504K)
 Metaspace       used 96396K, committed 97472K, reserved 557056K
  class space    used 13458K, committed 13952K, reserved 425984K
}
Event: 87.370 GC heap before
{Heap before GC invocations=46 (full 0):
 garbage-first heap   total 348160K, used 263342K [0x0000000080000000, 0x0000000100000000)
  region size 1024K, 139 young (142336K), 21 survivors (21504K)
 Metaspace       used 102455K, committed 103552K, reserved 557056K
  class space    used 14296K, committed 14784K, reserved 425984K
}
Event: 87.416 GC heap after
{Heap after GC invocations=47 (full 0):
 garbage-first heap   total 348160K, used 152064K [0x0000000080000000, 0x0000000100000000)
  region size 1024K, 9 young (9216K), 9 survivors (9216K)
 Metaspace       used 102455K, committed 103552K, reserved 557056K
  class space    used 14296K, committed 14784K, reserved 425984K
}
Event: 91.085 GC heap before
{Heap before GC invocations=47 (full 0):
 garbage-first heap   total 348160K, used 271872K [0x0000000080000000, 0x0000000100000000)
  region size 1024K, 125 young (128000K), 9 survivors (9216K)
 Metaspace       used 103418K, committed 104576K, reserved 557056K
  class space    used 14412K, committed 14976K, reserved 425984K
}
Event: 91.145 GC heap after
{Heap after GC invocations=48 (full 0):
 garbage-first heap   total 348160K, used 171008K [0x0000000080000000, 0x0000000100000000)
  region size 1024K, 16 young (16384K), 16 survivors (16384K)
 Metaspace       used 103418K, committed 104576K, reserved 557056K
  class space    used 14412K, committed 14976K, reserved 425984K
}
Event: 94.151 GC heap before
{Heap before GC invocations=48 (full 0):
 garbage-first heap   total 348160K, used 273408K [0x0000000080000000, 0x0000000100000000)
  region size 1024K, 115 young (117760K), 16 survivors (16384K)
 Metaspace       used 108932K, committed 110144K, reserved 557056K
  class space    used 15152K, committed 15744K, reserved 425984K
}
Event: 94.217 GC heap after
{Heap after GC invocations=49 (full 0):
 garbage-first heap   total 348160K, used 188416K [0x0000000080000000, 0x0000000100000000)
  region size 1024K, 15 young (15360K), 15 survivors (15360K)
 Metaspace       used 108932K, committed 110144K, reserved 557056K
  class space    used 15152K, committed 15744K, reserved 425984K
}
Event: 96.960 GC heap before
{Heap before GC invocations=49 (full 0):
 garbage-first heap   total 348160K, used 275456K [0x0000000080000000, 0x0000000100000000)
  region size 1024K, 100 young (102400K), 15 survivors (15360K)
 Metaspace       used 110195K, committed 111488K, reserved 557056K
  class space    used 15260K, committed 15872K, reserved 425984K
}
Event: 97.027 GC heap after
{Heap after GC invocations=50 (full 0):
 garbage-first heap   total 348160K, used 201728K [0x0000000080000000, 0x0000000100000000)
  region size 1024K, 13 young (13312K), 13 survivors (13312K)
 Metaspace       used 110195K, committed 111488K, reserved 557056K
  class space    used 15260K, committed 15872K, reserved 425984K
}
Event: 99.260 GC heap before
{Heap before GC invocations=50 (full 0):
 garbage-first heap   total 348160K, used 280576K [0x0000000080000000, 0x0000000100000000)
  region size 1024K, 91 young (93184K), 13 survivors (13312K)
 Metaspace       used 110667K, committed 112000K, reserved 557056K
  class space    used 15300K, committed 15936K, reserved 425984K
}
Event: 99.327 GC heap after
{Heap after GC invocations=51 (full 0):
 garbage-first heap   total 348160K, used 210944K [0x0000000080000000, 0x0000000100000000)
  region size 1024K, 10 young (10240K), 10 survivors (10240K)
 Metaspace       used 110667K, committed 112000K, reserved 557056K
  class space    used 15300K, committed 15936K, reserved 425984K
}
Event: 101.897 GC heap before
{Heap before GC invocations=51 (full 0):
 garbage-first heap   total 348160K, used 287744K [0x0000000080000000, 0x0000000100000000)
  region size 1024K, 81 young (82944K), 10 survivors (10240K)
 Metaspace       used 113171K, committed 114496K, reserved 557056K
  class space    used 15525K, committed 16128K, reserved 425984K
}
Event: 101.942 GC heap after
{Heap after GC invocations=52 (full 0):
 garbage-first heap   total 348160K, used 217050K [0x0000000080000000, 0x0000000100000000)
  region size 1024K, 7 young (7168K), 7 survivors (7168K)
 Metaspace       used 113171K, committed 114496K, reserved 557056K
  class space    used 15525K, committed 16128K, reserved 425984K
}
Event: 104.034 GC heap before
{Heap before GC invocations=52 (full 0):
 garbage-first heap   total 348160K, used 286682K [0x0000000080000000, 0x0000000100000000)
  region size 1024K, 76 young (77824K), 7 survivors (7168K)
 Metaspace       used 113827K, committed 115200K, reserved 557056K
  class space    used 15621K, committed 16256K, reserved 425984K
}
Event: 104.062 GC heap after
{Heap after GC invocations=53 (full 0):
 garbage-first heap   total 348160K, used 223086K [0x0000000080000000, 0x0000000100000000)
  region size 1024K, 6 young (6144K), 6 survivors (6144K)
 Metaspace       used 113827K, committed 115200K, reserved 557056K
  class space    used 15621K, committed 16256K, reserved 425984K
}

