# JRE version: OpenJDK Runtime Environment Microsoft-8035246 (17.0.8+7) (build 17.0.8+7-LTS)
# Java VM: OpenJDK 64-Bit Server VM Microsoft-8035246 (17.0.8+7-LTS, mixed mode, sharing, tiered, compressed oops, compressed class ptrs, g1 gc, windows-amd64)
GC Precious Log:
 CPUs: 4 total, 4 available
 Memory: 8089M
 Large Page Support: Disabled
 NUMA Support: Disabled
 Compressed Oops: Enabled (32-bit)
 Heap Region Size: 1M
 Heap Min Capacity: 8M
 Heap Initial Capacity: 128M
 Heap Max Capacity: 2G
 Pre-touch: Disabled
 Parallel Workers: 4
 Concurrent Workers: 1
 Concurrent Refinement Workers: 4
 Periodic GC: Disabled
Heap:
 garbage-first heap   total 307200K, used 213266K [0x0000000080000000, 0x0000000100000000)
  region size 1024K, 9 young (9216K), 7 survivors (7168K)
 Metaspace       used 121495K, committed 122880K, reserved 557056K
  class space    used 16538K, committed 17152K, reserved 425984K
GC Heap History (20 events):
Event: 135.021 GC heap before
{Heap before GC invocations=66 (full 0):
 garbage-first heap   total 252928K, used 203484K [0x0000000080000000, 0x0000000100000000)
  region size 1024K, 58 young (59392K), 1 survivors (1024K)
 Metaspace       used 110777K, committed 111936K, reserved 557056K
  class space    used 15304K, committed 15808K, reserved 425984K
}
Event: 135.037 GC heap after
{Heap after GC invocations=67 (full 0):
 garbage-first heap   total 252928K, used 152186K [0x0000000080000000, 0x0000000100000000)
  region size 1024K, 8 young (8192K), 8 survivors (8192K)
 Metaspace       used 110777K, committed 111936K, reserved 557056K
  class space    used 15304K, committed 15808K, reserved 425984K
}
Event: 137.343 GC heap before
{Heap before GC invocations=67 (full 0):
 garbage-first heap   total 252928K, used 205434K [0x0000000080000000, 0x0000000100000000)
  region size 1024K, 60 young (61440K), 8 survivors (8192K)
 Metaspace       used 110867K, committed 112000K, reserved 557056K
  class space    used 15314K, committed 15808K, reserved 425984K
}
Event: 137.377 GC heap after
{Heap after GC invocations=68 (full 0):
 garbage-first heap   total 252928K, used 162099K [0x0000000080000000, 0x0000000100000000)
  region size 1024K, 8 young (8192K), 8 survivors (8192K)
 Metaspace       used 110867K, committed 112000K, reserved 557056K
  class space    used 15314K, committed 15808K, reserved 425984K
}
Event: 140.914 GC heap before
{Heap before GC invocations=68 (full 0):
 garbage-first heap   total 252928K, used 208179K [0x0000000080000000, 0x0000000100000000)
  region size 1024K, 52 young (53248K), 8 survivors (8192K)
 Metaspace       used 111295K, committed 112448K, reserved 557056K
  class space    used 15361K, committed 15872K, reserved 425984K
}
Event: 140.945 GC heap after
{Heap after GC invocations=69 (full 0):
 garbage-first heap   total 252928K, used 172753K [0x0000000080000000, 0x0000000100000000)
  region size 1024K, 7 young (7168K), 7 survivors (7168K)
 Metaspace       used 111295K, committed 112448K, reserved 557056K
  class space    used 15361K, committed 15872K, reserved 425984K
}
Event: 143.678 GC heap before
{Heap before GC invocations=70 (full 0):
 garbage-first heap   total 307200K, used 205521K [0x0000000080000000, 0x0000000100000000)
  region size 1024K, 39 young (39936K), 7 survivors (7168K)
 Metaspace       used 113051K, committed 114304K, reserved 557056K
  class space    used 15536K, committed 16128K, reserved 425984K
}
Event: 143.713 GC heap after
{Heap after GC invocations=71 (full 0):
 garbage-first heap   total 307200K, used 180138K [0x0000000080000000, 0x0000000100000000)
  region size 1024K, 5 young (5120K), 5 survivors (5120K)
 Metaspace       used 113051K, committed 114304K, reserved 557056K
  class space    used 15536K, committed 16128K, reserved 425984K
}
Event: 144.225 GC heap before
{Heap before GC invocations=71 (full 0):
 garbage-first heap   total 307200K, used 190378K [0x0000000080000000, 0x0000000100000000)
  region size 1024K, 15 young (15360K), 5 survivors (5120K)
 Metaspace       used 113827K, committed 115008K, reserved 557056K
  class space    used 15656K, committed 16192K, reserved 425984K
}
Event: 144.252 GC heap after
{Heap after GC invocations=72 (full 0):
 garbage-first heap   total 307200K, used 181248K [0x0000000080000000, 0x0000000100000000)
  region size 1024K, 1 young (1024K), 1 survivors (1024K)
 Metaspace       used 113827K, committed 115008K, reserved 557056K
  class space    used 15656K, committed 16192K, reserved 425984K
}
Event: 149.588 GC heap before
{Heap before GC invocations=72 (full 0):
 garbage-first heap   total 307200K, used 241664K [0x0000000080000000, 0x0000000100000000)
  region size 1024K, 60 young (61440K), 1 survivors (1024K)
 Metaspace       used 117183K, committed 118464K, reserved 557056K
  class space    used 16126K, committed 16704K, reserved 425984K
}
Event: 149.623 GC heap after
{Heap after GC invocations=73 (full 0):
 garbage-first heap   total 307200K, used 187854K [0x0000000080000000, 0x0000000100000000)
  region size 1024K, 8 young (8192K), 8 survivors (8192K)
 Metaspace       used 117183K, committed 118464K, reserved 557056K
  class space    used 16126K, committed 16704K, reserved 425984K
}
Event: 153.794 GC heap before
{Heap before GC invocations=73 (full 0):
 garbage-first heap   total 307200K, used 245198K [0x0000000080000000, 0x0000000100000000)
  region size 1024K, 64 young (65536K), 8 survivors (8192K)
 Metaspace       used 117969K, committed 119232K, reserved 557056K
  class space    used 16196K, committed 16768K, reserved 425984K
}
Event: 153.830 GC heap after
{Heap after GC invocations=74 (full 0):
 garbage-first heap   total 307200K, used 194182K [0x0000000080000000, 0x0000000100000000)
  region size 1024K, 7 young (7168K), 7 survivors (7168K)
 Metaspace       used 117969K, committed 119232K, reserved 557056K
  class space    used 16196K, committed 16768K, reserved 425984K
}
Event: 157.365 GC heap before
{Heap before GC invocations=74 (full 0):
 garbage-first heap   total 307200K, used 248454K [0x0000000080000000, 0x0000000100000000)
  region size 1024K, 61 young (62464K), 7 survivors (7168K)
 Metaspace       used 118403K, committed 119680K, reserved 557056K
  class space    used 16233K, committed 16832K, reserved 425984K
}
Event: 157.396 GC heap after
{Heap after GC invocations=75 (full 0):
 garbage-first heap   total 307200K, used 200851K [0x0000000080000000, 0x0000000100000000)
  region size 1024K, 7 young (7168K), 7 survivors (7168K)
 Metaspace       used 118403K, committed 119680K, reserved 557056K
  class space    used 16233K, committed 16832K, reserved 425984K
}
Event: 161.092 GC heap before
{Heap before GC invocations=75 (full 0):
 garbage-first heap   total 307200K, used 257171K [0x0000000080000000, 0x0000000100000000)
  region size 1024K, 58 young (59392K), 7 survivors (7168K)
 Metaspace       used 120789K, committed 122112K, reserved 557056K
  class space    used 16452K, committed 17088K, reserved 425984K
}
Event: 161.123 GC heap after
{Heap after GC invocations=76 (full 0):
 garbage-first heap   total 307200K, used 205975K [0x0000000080000000, 0x0000000100000000)
  region size 1024K, 6 young (6144K), 6 survivors (6144K)
 Metaspace       used 120789K, committed 122112K, reserved 557056K
  class space    used 16452K, committed 17088K, reserved 425984K
}
Event: 164.364 GC heap before
{Heap before GC invocations=76 (full 0):
 garbage-first heap   total 307200K, used 254103K [0x0000000080000000, 0x0000000100000000)
  region size 1024K, 54 young (55296K), 6 survivors (6144K)
 Metaspace       used 121403K, committed 122688K, reserved 557056K
  class space    used 16527K, committed 17152K, reserved 425984K
}
Event: 164.381 GC heap after
{Heap after GC invocations=77 (full 0):
 garbage-first heap   total 307200K, used 208255K [0x0000000080000000, 0x0000000100000000)
  region size 1024K, 3 young (3072K), 3 survivors (3072K)
 Metaspace       used 121403K, committed 122688K, reserved 557056K
  class space    used 16527K, committed 17152K, reserved 425984K
}

