# JRE version: OpenJDK Runtime Environment Microsoft-8035246 (17.0.8+7) (build 17.0.8+7-LTS)
# Java VM: OpenJDK 64-Bit Server VM Microsoft-8035246 (17.0.8+7-LTS, mixed mode, sharing, tiered, compressed oops, compressed class ptrs, g1 gc, windows-amd64)
GC Precious Log:
 CPUs: 4 total, 4 available
 Memory: 8089M
 Large Page Support: Disabled
 NUMA Support: Disabled
 Compressed Oops: Enabled (32-bit)
 Heap Region Size: 1M
 Heap Min Capacity: 8M
 Heap Initial Capacity: 128M
 Heap Max Capacity: 2G
 Pre-touch: Disabled
 Parallel Workers: 4
 Concurrent Workers: 1
 Concurrent Refinement Workers: 4
 Periodic GC: Disabled
Heap:
 garbage-first heap   total 339968K, used 216214K [0x0000000080000000, 0x0000000100000000)
  region size 1024K, 19 young (19456K), 8 survivors (8192K)
 Metaspace       used 107841K, committed 109120K, reserved 557056K
  class space    used 14875K, committed 15488K, reserved 425984K
GC Heap History (20 events):
Event: 135.269 GC heap before
{Heap before GC invocations=46 (full 0):
 garbage-first heap   total 169984K, used 97431K [0x0000000080000000, 0x0000000100000000)
  region size 1024K, 8 young (8192K), 4 survivors (4096K)
 Metaspace       used 82738K, committed 83456K, reserved 557056K
  class space    used 11513K, committed 11840K, reserved 425984K
}
Event: 135.279 GC heap after
{Heap after GC invocations=47 (full 0):
 garbage-first heap   total 169984K, used 94435K [0x0000000080000000, 0x0000000100000000)
  region size 1024K, 1 young (1024K), 1 survivors (1024K)
 Metaspace       used 82738K, committed 83456K, reserved 557056K
  class space    used 11513K, committed 11840K, reserved 425984K
}
Event: 136.313 GC heap before
{Heap before GC invocations=47 (full 0):
 garbage-first heap   total 169984K, used 136419K [0x0000000080000000, 0x0000000100000000)
  region size 1024K, 42 young (43008K), 1 survivors (1024K)
 Metaspace       used 85589K, committed 86336K, reserved 557056K
  class space    used 12008K, committed 12352K, reserved 425984K
}
Event: 136.322 GC heap after
{Heap after GC invocations=48 (full 0):
 garbage-first heap   total 339968K, used 95506K [0x0000000080000000, 0x0000000100000000)
  region size 1024K, 2 young (2048K), 2 survivors (2048K)
 Metaspace       used 85589K, committed 86336K, reserved 557056K
  class space    used 12008K, committed 12352K, reserved 425984K
}
Event: 144.668 GC heap before
{Heap before GC invocations=48 (full 0):
 garbage-first heap   total 339968K, used 260370K [0x0000000080000000, 0x0000000100000000)
  region size 1024K, 157 young (160768K), 2 survivors (2048K)
 Metaspace       used 90489K, committed 91456K, reserved 557056K
  class space    used 12726K, committed 13184K, reserved 425984K
}
Event: 144.742 GC heap after
{Heap after GC invocations=49 (full 0):
 garbage-first heap   total 339968K, used 129228K [0x0000000080000000, 0x0000000100000000)
  region size 1024K, 20 young (20480K), 20 survivors (20480K)
 Metaspace       used 90489K, committed 91456K, reserved 557056K
  class space    used 12726K, committed 13184K, reserved 425984K
}
Event: 150.670 GC heap before
{Heap before GC invocations=49 (full 0):
 garbage-first heap   total 339968K, used 244940K [0x0000000080000000, 0x0000000100000000)
  region size 1024K, 133 young (136192K), 20 survivors (20480K)
 Metaspace       used 96441K, committed 97536K, reserved 557056K
  class space    used 13544K, committed 14016K, reserved 425984K
}
Event: 150.746 GC heap after
{Heap after GC invocations=50 (full 0):
 garbage-first heap   total 339968K, used 137335K [0x0000000080000000, 0x0000000100000000)
  region size 1024K, 8 young (8192K), 8 survivors (8192K)
 Metaspace       used 96441K, committed 97536K, reserved 557056K
  class space    used 13544K, committed 14016K, reserved 425984K
}
Event: 153.806 GC heap before
{Heap before GC invocations=50 (full 0):
 garbage-first heap   total 339968K, used 256119K [0x0000000080000000, 0x0000000100000000)
  region size 1024K, 123 young (125952K), 8 survivors (8192K)
 Metaspace       used 97464K, committed 98496K, reserved 557056K
  class space    used 13668K, committed 14144K, reserved 425984K
}
Event: 153.860 GC heap after
{Heap after GC invocations=51 (full 0):
 garbage-first heap   total 339968K, used 156672K [0x0000000080000000, 0x0000000100000000)
  region size 1024K, 16 young (16384K), 16 survivors (16384K)
 Metaspace       used 97464K, committed 98496K, reserved 557056K
  class space    used 13668K, committed 14144K, reserved 425984K
}
Event: 157.238 GC heap before
{Heap before GC invocations=51 (full 0):
 garbage-first heap   total 339968K, used 261120K [0x0000000080000000, 0x0000000100000000)
  region size 1024K, 118 young (120832K), 16 survivors (16384K)
 Metaspace       used 103168K, committed 104384K, reserved 557056K
  class space    used 14426K, committed 14976K, reserved 425984K
}
Event: 157.303 GC heap after
{Heap after GC invocations=52 (full 0):
 garbage-first heap   total 339968K, used 173056K [0x0000000080000000, 0x0000000100000000)
  region size 1024K, 15 young (15360K), 15 survivors (15360K)
 Metaspace       used 103168K, committed 104384K, reserved 557056K
  class space    used 14426K, committed 14976K, reserved 425984K
}
Event: 159.601 GC heap before
{Heap before GC invocations=52 (full 0):
 garbage-first heap   total 339968K, used 265216K [0x0000000080000000, 0x0000000100000000)
  region size 1024K, 105 young (107520K), 15 survivors (15360K)
 Metaspace       used 104262K, committed 105408K, reserved 557056K
  class space    used 14516K, committed 15104K, reserved 425984K
}
Event: 159.685 GC heap after
{Heap after GC invocations=53 (full 0):
 garbage-first heap   total 339968K, used 184832K [0x0000000080000000, 0x0000000100000000)
  region size 1024K, 12 young (12288K), 12 survivors (12288K)
 Metaspace       used 104262K, committed 105408K, reserved 557056K
  class space    used 14516K, committed 15104K, reserved 425984K
}
Event: 162.040 GC heap before
{Heap before GC invocations=53 (full 0):
 garbage-first heap   total 339968K, used 274944K [0x0000000080000000, 0x0000000100000000)
  region size 1024K, 96 young (98304K), 12 survivors (12288K)
 Metaspace       used 106986K, committed 108224K, reserved 557056K
  class space    used 14772K, committed 15360K, reserved 425984K
}
Event: 162.092 GC heap after
{Heap after GC invocations=54 (full 0):
 garbage-first heap   total 339968K, used 193536K [0x0000000080000000, 0x0000000100000000)
  region size 1024K, 9 young (9216K), 9 survivors (9216K)
 Metaspace       used 106986K, committed 108224K, reserved 557056K
  class space    used 14772K, committed 15360K, reserved 425984K
}
Event: 165.370 GC heap before
{Heap before GC invocations=54 (full 0):
 garbage-first heap   total 339968K, used 274432K [0x0000000080000000, 0x0000000100000000)
  region size 1024K, 89 young (91136K), 9 survivors (9216K)
 Metaspace       used 107657K, committed 108864K, reserved 557056K
  class space    used 14864K, committed 15424K, reserved 425984K
}
Event: 165.424 GC heap after
{Heap after GC invocations=55 (full 0):
 garbage-first heap   total 339968K, used 199599K [0x0000000080000000, 0x0000000100000000)
  region size 1024K, 7 young (7168K), 7 survivors (7168K)
 Metaspace       used 107657K, committed 108864K, reserved 557056K
  class space    used 14864K, committed 15424K, reserved 425984K
}
Event: 168.724 GC heap before
{Heap before GC invocations=55 (full 0):
 garbage-first heap   total 339968K, used 285615K [0x0000000080000000, 0x0000000100000000)
  region size 1024K, 84 young (86016K), 7 survivors (7168K)
 Metaspace       used 107811K, committed 109056K, reserved 557056K
  class space    used 14875K, committed 15488K, reserved 425984K
}
Event: 168.753 GC heap after
{Heap after GC invocations=56 (full 0):
 garbage-first heap   total 339968K, used 206998K [0x0000000080000000, 0x0000000100000000)
  region size 1024K, 8 young (8192K), 8 survivors (8192K)
 Metaspace       used 107811K, committed 109056K, reserved 557056K
  class space    used 14875K, committed 15488K, reserved 425984K
}

