# JRE version: OpenJDK Runtime Environment Microsoft-8035246 (17.0.8+7) (build 17.0.8+7-LTS)
# Java VM: OpenJDK 64-Bit Server VM Microsoft-8035246 (17.0.8+7-LTS, mixed mode, sharing, tiered, compressed oops, compressed class ptrs, g1 gc, windows-amd64)
GC Precious Log:
 CPUs: 4 total, 4 available
 Memory: 8089M
 Large Page Support: Disabled
 NUMA Support: Disabled
 Compressed Oops: Enabled (32-bit)
 Heap Region Size: 1M
 Heap Min Capacity: 8M
 Heap Initial Capacity: 128M
 Heap Max Capacity: 2G
 Pre-touch: Disabled
 Parallel Workers: 4
 Concurrent Workers: 1
 Concurrent Refinement Workers: 4
 Periodic GC: Disabled
Heap:
 garbage-first heap   total 275456K, used 219803K [0x0000000080000000, 0x0000000100000000)
  region size 1024K, 11 young (11264K), 2 survivors (2048K)
 Metaspace       used 113415K, committed 114688K, reserved 557056K
  class space    used 15577K, committed 16192K, reserved 425984K
GC Heap History (20 events):
Event: 172.381 GC heap before
{Heap before GC invocations=69 (full 0):
 garbage-first heap   total 275456K, used 221092K [0x0000000080000000, 0x0000000100000000)
  region size 1024K, 62 young (63488K), 5 survivors (5120K)
 Metaspace       used 105439K, committed 106624K, reserved 557056K
  class space    used 14645K, committed 15168K, reserved 425984K
}
Event: 172.431 GC heap after
{Heap after GC invocations=70 (full 0):
 garbage-first heap   total 275456K, used 177015K [0x0000000080000000, 0x0000000100000000)
  region size 1024K, 8 young (8192K), 8 survivors (8192K)
 Metaspace       used 105439K, committed 106624K, reserved 557056K
  class space    used 14645K, committed 15168K, reserved 425984K
}
Event: 174.901 GC heap before
{Heap before GC invocations=70 (full 0):
 garbage-first heap   total 275456K, used 224119K [0x0000000080000000, 0x0000000100000000)
  region size 1024K, 54 young (55296K), 8 survivors (8192K)
 Metaspace       used 108789K, committed 110016K, reserved 557056K
  class space    used 15129K, committed 15680K, reserved 425984K
}
Event: 174.934 GC heap after
{Heap after GC invocations=71 (full 0):
 garbage-first heap   total 275456K, used 181869K [0x0000000080000000, 0x0000000100000000)
  region size 1024K, 4 young (4096K), 4 survivors (4096K)
 Metaspace       used 108789K, committed 110016K, reserved 557056K
  class space    used 15129K, committed 15680K, reserved 425984K
}
Event: 176.725 GC heap before
{Heap before GC invocations=71 (full 0):
 garbage-first heap   total 275456K, used 227949K [0x0000000080000000, 0x0000000100000000)
  region size 1024K, 49 young (50176K), 4 survivors (4096K)
 Metaspace       used 109663K, committed 110912K, reserved 557056K
  class space    used 15215K, committed 15808K, reserved 425984K
}
Event: 176.782 GC heap after
{Heap after GC invocations=72 (full 0):
 garbage-first heap   total 275456K, used 189322K [0x0000000080000000, 0x0000000100000000)
  region size 1024K, 7 young (7168K), 7 survivors (7168K)
 Metaspace       used 109663K, committed 110912K, reserved 557056K
  class space    used 15215K, committed 15808K, reserved 425984K
}
Event: 178.226 GC heap before
{Heap before GC invocations=72 (full 0):
 garbage-first heap   total 275456K, used 230282K [0x0000000080000000, 0x0000000100000000)
  region size 1024K, 47 young (48128K), 7 survivors (7168K)
 Metaspace       used 109844K, committed 111104K, reserved 557056K
  class space    used 15216K, committed 15808K, reserved 425984K
}
Event: 178.263 GC heap after
{Heap after GC invocations=73 (full 0):
 garbage-first heap   total 275456K, used 194278K [0x0000000080000000, 0x0000000100000000)
  region size 1024K, 5 young (5120K), 5 survivors (5120K)
 Metaspace       used 109844K, committed 111104K, reserved 557056K
  class space    used 15216K, committed 15808K, reserved 425984K
}
Event: 180.345 GC heap before
{Heap before GC invocations=73 (full 0):
 garbage-first heap   total 275456K, used 231142K [0x0000000080000000, 0x0000000100000000)
  region size 1024K, 41 young (41984K), 5 survivors (5120K)
 Metaspace       used 110093K, committed 111296K, reserved 557056K
  class space    used 15238K, committed 15808K, reserved 425984K
}
Event: 180.369 GC heap after
{Heap after GC invocations=74 (full 0):
 garbage-first heap   total 275456K, used 198645K [0x0000000080000000, 0x0000000100000000)
  region size 1024K, 5 young (5120K), 5 survivors (5120K)
 Metaspace       used 110093K, committed 111296K, reserved 557056K
  class space    used 15238K, committed 15808K, reserved 425984K
}
Event: 182.492 GC heap before
{Heap before GC invocations=74 (full 0):
 garbage-first heap   total 275456K, used 237557K [0x0000000080000000, 0x0000000100000000)
  region size 1024K, 39 young (39936K), 5 survivors (5120K)
 Metaspace       used 112418K, committed 113728K, reserved 557056K
  class space    used 15469K, committed 16064K, reserved 425984K
}
Event: 182.516 GC heap after
{Heap after GC invocations=75 (full 0):
 garbage-first heap   total 275456K, used 203385K [0x0000000080000000, 0x0000000100000000)
  region size 1024K, 5 young (5120K), 5 survivors (5120K)
 Metaspace       used 112418K, committed 113728K, reserved 557056K
  class space    used 15469K, committed 16064K, reserved 425984K
}
Event: 183.841 GC heap before
{Heap before GC invocations=75 (full 0):
 garbage-first heap   total 275456K, used 234105K [0x0000000080000000, 0x0000000100000000)
  region size 1024K, 36 young (36864K), 5 survivors (5120K)
 Metaspace       used 112729K, committed 114048K, reserved 557056K
  class space    used 15480K, committed 16064K, reserved 425984K
}
Event: 183.857 GC heap after
{Heap after GC invocations=76 (full 0):
 garbage-first heap   total 275456K, used 205425K [0x0000000080000000, 0x0000000100000000)
  region size 1024K, 2 young (2048K), 2 survivors (2048K)
 Metaspace       used 112729K, committed 114048K, reserved 557056K
  class space    used 15480K, committed 16064K, reserved 425984K
}
Event: 184.671 GC heap before
{Heap before GC invocations=76 (full 0):
 garbage-first heap   total 275456K, used 237169K [0x0000000080000000, 0x0000000100000000)
  region size 1024K, 33 young (33792K), 2 survivors (2048K)
 Metaspace       used 112909K, committed 114176K, reserved 557056K
  class space    used 15480K, committed 16064K, reserved 425984K
}
Event: 184.679 GC heap after
{Heap after GC invocations=77 (full 0):
 garbage-first heap   total 275456K, used 206202K [0x0000000080000000, 0x0000000100000000)
  region size 1024K, 3 young (3072K), 3 survivors (3072K)
 Metaspace       used 112909K, committed 114176K, reserved 557056K
  class space    used 15480K, committed 16064K, reserved 425984K
}
Event: 186.936 GC heap before
{Heap before GC invocations=77 (full 0):
 garbage-first heap   total 275456K, used 236922K [0x0000000080000000, 0x0000000100000000)
  region size 1024K, 34 young (34816K), 3 survivors (3072K)
 Metaspace       used 113415K, committed 114688K, reserved 557056K
  class space    used 15577K, committed 16192K, reserved 425984K
}
Event: 186.955 GC heap after
{Heap after GC invocations=78 (full 0):
 garbage-first heap   total 275456K, used 209995K [0x0000000080000000, 0x0000000100000000)
  region size 1024K, 5 young (5120K), 5 survivors (5120K)
 Metaspace       used 113415K, committed 114688K, reserved 557056K
  class space    used 15577K, committed 16192K, reserved 425984K
}
Event: 187.884 GC heap before
{Heap before GC invocations=78 (full 0):
 garbage-first heap   total 275456K, used 237643K [0x0000000080000000, 0x0000000100000000)
  region size 1024K, 32 young (32768K), 5 survivors (5120K)
 Metaspace       used 113415K, committed 114688K, reserved 557056K
  class space    used 15577K, committed 16192K, reserved 425984K
}
Event: 187.896 GC heap after
{Heap after GC invocations=79 (full 0):
 garbage-first heap   total 275456K, used 211611K [0x0000000080000000, 0x0000000100000000)
  region size 1024K, 2 young (2048K), 2 survivors (2048K)
 Metaspace       used 113415K, committed 114688K, reserved 557056K
  class space    used 15577K, committed 16192K, reserved 425984K
}

