# JRE version: OpenJDK Runtime Environment Microsoft-8035246 (17.0.8+7) (build 17.0.8+7-LTS)
# Java VM: OpenJDK 64-Bit Server VM Microsoft-8035246 (17.0.8+7-LTS, mixed mode, sharing, tiered, compressed oops, compressed class ptrs, g1 gc, windows-amd64)
GC Precious Log:
 CPUs: 4 total, 4 available
 Memory: 8089M
 Large Page Support: Disabled
 NUMA Support: Disabled
 Compressed Oops: Enabled (32-bit)
 Heap Region Size: 1M
 Heap Min Capacity: 8M
 Heap Initial Capacity: 128M
 Heap Max Capacity: 2G
 Pre-touch: Disabled
 Parallel Workers: 4
 Concurrent Workers: 1
 Concurrent Refinement Workers: 4
 Periodic GC: Disabled
Heap:
 garbage-first heap   total 344064K, used 243587K [0x0000000080000000, 0x0000000100000000)
  region size 1024K, 31 young (31744K), 9 survivors (9216K)
 Metaspace       used 108587K, committed 109888K, reserved 557056K
  class space    used 14956K, committed 15552K, reserved 425984K
GC Heap History (20 events):
Event: 180.429 GC heap before
{Heap before GC invocations=39 (full 0):
 garbage-first heap   total 286720K, used 219136K [0x0000000080000000, 0x0000000100000000)
  region size 1024K, 88 young (90112K), 14 survivors (14336K)
 Metaspace       used 96340K, committed 97472K, reserved 557056K
  class space    used 13535K, committed 14016K, reserved 425984K
}
Event: 180.489 GC heap after
{Heap after GC invocations=40 (full 0):
 garbage-first heap   total 286720K, used 148480K [0x0000000080000000, 0x0000000100000000)
  region size 1024K, 4 young (4096K), 4 survivors (4096K)
 Metaspace       used 96340K, committed 97472K, reserved 557056K
  class space    used 13535K, committed 14016K, reserved 425984K
}
Event: 182.164 GC heap before
{Heap before GC invocations=40 (full 0):
 garbage-first heap   total 286720K, used 226304K [0x0000000080000000, 0x0000000100000000)
  region size 1024K, 80 young (81920K), 4 survivors (4096K)
 Metaspace       used 97815K, committed 98944K, reserved 557056K
  class space    used 13723K, committed 14208K, reserved 425984K
}
Event: 182.195 GC heap after
{Heap after GC invocations=41 (full 0):
 garbage-first heap   total 286720K, used 159744K [0x0000000080000000, 0x0000000100000000)
  region size 1024K, 10 young (10240K), 10 survivors (10240K)
 Metaspace       used 97815K, committed 98944K, reserved 557056K
  class space    used 13723K, committed 14208K, reserved 425984K
}
Event: 183.930 GC heap before
{Heap before GC invocations=41 (full 0):
 garbage-first heap   total 286720K, used 228352K [0x0000000080000000, 0x0000000100000000)
  region size 1024K, 77 young (78848K), 10 survivors (10240K)
 Metaspace       used 98167K, committed 99328K, reserved 557056K
  class space    used 13761K, committed 14272K, reserved 425984K
}
Event: 184.008 GC heap after
{Heap after GC invocations=42 (full 0):
 garbage-first heap   total 286720K, used 171623K [0x0000000080000000, 0x0000000100000000)
  region size 1024K, 10 young (10240K), 10 survivors (10240K)
 Metaspace       used 98167K, committed 99328K, reserved 557056K
  class space    used 13761K, committed 14272K, reserved 425984K
}
Event: 186.235 GC heap before
{Heap before GC invocations=42 (full 0):
 garbage-first heap   total 286720K, used 231015K [0x0000000080000000, 0x0000000100000000)
  region size 1024K, 68 young (69632K), 10 survivors (10240K)
 Metaspace       used 101162K, committed 102464K, reserved 557056K
  class space    used 14127K, committed 14720K, reserved 425984K
}
Event: 186.326 GC heap after
{Heap after GC invocations=43 (full 0):
 garbage-first heap   total 286720K, used 185315K [0x0000000080000000, 0x0000000100000000)
  region size 1024K, 9 young (9216K), 9 survivors (9216K)
 Metaspace       used 101162K, committed 102464K, reserved 557056K
  class space    used 14127K, committed 14720K, reserved 425984K
}
Event: 188.783 GC heap before
{Heap before GC invocations=43 (full 0):
 garbage-first heap   total 286720K, used 235491K [0x0000000080000000, 0x0000000100000000)
  region size 1024K, 58 young (59392K), 9 survivors (9216K)
 Metaspace       used 103983K, committed 105216K, reserved 557056K
  class space    used 14532K, committed 15104K, reserved 425984K
}
Event: 188.824 GC heap after
{Heap after GC invocations=44 (full 0):
 garbage-first heap   total 286720K, used 193338K [0x0000000080000000, 0x0000000100000000)
  region size 1024K, 7 young (7168K), 7 survivors (7168K)
 Metaspace       used 103983K, committed 105216K, reserved 557056K
  class space    used 14532K, committed 15104K, reserved 425984K
}
Event: 191.268 GC heap before
{Heap before GC invocations=44 (full 0):
 garbage-first heap   total 286720K, used 238394K [0x0000000080000000, 0x0000000100000000)
  region size 1024K, 51 young (52224K), 7 survivors (7168K)
 Metaspace       used 104872K, committed 106112K, reserved 557056K
  class space    used 14615K, committed 15168K, reserved 425984K
}
Event: 191.340 GC heap after
{Heap after GC invocations=45 (full 0):
 garbage-first heap   total 286720K, used 199499K [0x0000000080000000, 0x0000000100000000)
  region size 1024K, 7 young (7168K), 7 survivors (7168K)
 Metaspace       used 104872K, committed 106112K, reserved 557056K
  class space    used 14615K, committed 15168K, reserved 425984K
}
Event: 192.871 GC heap before
{Heap before GC invocations=45 (full 0):
 garbage-first heap   total 286720K, used 240459K [0x0000000080000000, 0x0000000100000000)
  region size 1024K, 47 young (48128K), 7 survivors (7168K)
 Metaspace       used 105035K, committed 106304K, reserved 557056K
  class space    used 14617K, committed 15168K, reserved 425984K
}
Event: 192.913 GC heap after
{Heap after GC invocations=46 (full 0):
 garbage-first heap   total 344064K, used 203394K [0x0000000080000000, 0x0000000100000000)
  region size 1024K, 5 young (5120K), 5 survivors (5120K)
 Metaspace       used 105035K, committed 106304K, reserved 557056K
  class space    used 14617K, committed 15168K, reserved 425984K
}
Event: 195.093 GC heap before
{Heap before GC invocations=46 (full 0):
 garbage-first heap   total 344064K, used 273026K [0x0000000080000000, 0x0000000100000000)
  region size 1024K, 74 young (75776K), 5 survivors (5120K)
 Metaspace       used 106093K, committed 107456K, reserved 557056K
  class space    used 14700K, committed 15296K, reserved 425984K
}
Event: 195.131 GC heap after
{Heap after GC invocations=47 (full 0):
 garbage-first heap   total 344064K, used 212597K [0x0000000080000000, 0x0000000100000000)
  region size 1024K, 10 young (10240K), 10 survivors (10240K)
 Metaspace       used 106093K, committed 107456K, reserved 557056K
  class space    used 14700K, committed 15296K, reserved 425984K
}
Event: 198.255 GC heap before
{Heap before GC invocations=47 (full 0):
 garbage-first heap   total 344064K, used 283253K [0x0000000080000000, 0x0000000100000000)
  region size 1024K, 75 young (76800K), 10 survivors (10240K)
 Metaspace       used 108000K, committed 109376K, reserved 557056K
  class space    used 14860K, committed 15488K, reserved 425984K
}
Event: 198.294 GC heap after
{Heap after GC invocations=48 (full 0):
 garbage-first heap   total 344064K, used 217088K [0x0000000080000000, 0x0000000100000000)
  region size 1024K, 4 young (4096K), 4 survivors (4096K)
 Metaspace       used 108000K, committed 109376K, reserved 557056K
  class space    used 14860K, committed 15488K, reserved 425984K
}
Event: 201.516 GC heap before
{Heap before GC invocations=48 (full 0):
 garbage-first heap   total 344064K, used 282624K [0x0000000080000000, 0x0000000100000000)
  region size 1024K, 69 young (70656K), 4 survivors (4096K)
 Metaspace       used 108587K, committed 109888K, reserved 557056K
  class space    used 14956K, committed 15552K, reserved 425984K
}
Event: 201.538 GC heap after
{Heap after GC invocations=49 (full 0):
 garbage-first heap   total 344064K, used 222083K [0x0000000080000000, 0x0000000100000000)
  region size 1024K, 9 young (9216K), 9 survivors (9216K)
 Metaspace       used 108587K, committed 109888K, reserved 557056K
  class space    used 14956K, committed 15552K, reserved 425984K
}

