# JRE version: OpenJDK Runtime Environment Microsoft-8035246 (17.0.8+7) (build 17.0.8+7-LTS)
# Java VM: OpenJDK 64-Bit Server VM Microsoft-8035246 (17.0.8+7-LTS, mixed mode, sharing, tiered, compressed oops, compressed class ptrs, g1 gc, windows-amd64)
GC Precious Log:
 CPUs: 4 total, 4 available
 Memory: 8089M
 Large Page Support: Disabled
 NUMA Support: Disabled
 Compressed Oops: Enabled (32-bit)
 Heap Region Size: 1M
 Heap Min Capacity: 8M
 Heap Initial Capacity: 128M
 Heap Max Capacity: 2G
 Pre-touch: Disabled
 Parallel Workers: 4
 Concurrent Workers: 1
 Concurrent Refinement Workers: 4
 Periodic GC: Disabled
Heap:
 garbage-first heap   total 485376K, used 396137K [0x0000000080000000, 0x0000000100000000)
  region size 1024K, 29 young (29696K), 7 survivors (7168K)
 Metaspace       used 168450K, committed 170304K, reserved 622592K
  class space    used 22050K, committed 22912K, reserved 425984K
GC Heap History (20 events):
Event: 692.341 GC heap before
{Heap before GC invocations=95 (full 0):
 garbage-first heap   total 485376K, used 398869K [0x0000000080000000, 0x0000000100000000)
  region size 1024K, 104 young (106496K), 14 survivors (14336K)
 Metaspace       used 146669K, committed 148352K, reserved 557056K
  class space    used 19261K, committed 20096K, reserved 425984K
}
Event: 692.397 GC heap after
{Heap after GC invocations=96 (full 0):
 garbage-first heap   total 485376K, used 305742K [0x0000000080000000, 0x0000000100000000)
  region size 1024K, 13 young (13312K), 13 survivors (13312K)
 Metaspace       used 146669K, committed 148352K, reserved 557056K
  class space    used 19261K, committed 20096K, reserved 425984K
}
Event: 703.981 GC heap before
{Heap before GC invocations=96 (full 0):
 garbage-first heap   total 485376K, used 399950K [0x0000000080000000, 0x0000000100000000)
  region size 1024K, 100 young (102400K), 13 survivors (13312K)
 Metaspace       used 148053K, committed 149760K, reserved 557056K
  class space    used 19382K, committed 20224K, reserved 425984K
}
Event: 704.076 GC heap after
{Heap after GC invocations=97 (full 0):
 garbage-first heap   total 485376K, used 325188K [0x0000000080000000, 0x0000000100000000)
  region size 1024K, 13 young (13312K), 13 survivors (13312K)
 Metaspace       used 148053K, committed 149760K, reserved 557056K
  class space    used 19382K, committed 20224K, reserved 425984K
}
Event: 713.105 GC heap before
{Heap before GC invocations=97 (full 0):
 garbage-first heap   total 485376K, used 403012K [0x0000000080000000, 0x0000000100000000)
  region size 1024K, 84 young (86016K), 13 survivors (13312K)
 Metaspace       used 148871K, committed 150656K, reserved 557056K
  class space    used 19417K, committed 20288K, reserved 425984K
}
Event: 713.176 GC heap after
{Heap after GC invocations=98 (full 0):
 garbage-first heap   total 485376K, used 335721K [0x0000000080000000, 0x0000000100000000)
  region size 1024K, 11 young (11264K), 11 survivors (11264K)
 Metaspace       used 148871K, committed 150656K, reserved 557056K
  class space    used 19417K, committed 20288K, reserved 425984K
}
Event: 718.554 GC heap before
{Heap before GC invocations=98 (full 0):
 garbage-first heap   total 485376K, used 398185K [0x0000000080000000, 0x0000000100000000)
  region size 1024K, 73 young (74752K), 11 survivors (11264K)
 Metaspace       used 149159K, committed 150912K, reserved 622592K
  class space    used 19431K, committed 20288K, reserved 425984K
}
Event: 718.611 GC heap after
{Heap after GC invocations=99 (full 0):
 garbage-first heap   total 485376K, used 338793K [0x0000000080000000, 0x0000000100000000)
  region size 1024K, 10 young (10240K), 10 survivors (10240K)
 Metaspace       used 149159K, committed 150912K, reserved 622592K
  class space    used 19431K, committed 20288K, reserved 425984K
}
Event: 721.439 GC heap before
{Heap before GC invocations=99 (full 0):
 garbage-first heap   total 485376K, used 400233K [0x0000000080000000, 0x0000000100000000)
  region size 1024K, 71 young (72704K), 10 survivors (10240K)
 Metaspace       used 151027K, committed 152768K, reserved 622592K
  class space    used 19633K, committed 20480K, reserved 425984K
}
Event: 721.476 GC heap after
{Heap after GC invocations=100 (full 0):
 garbage-first heap   total 485376K, used 342824K [0x0000000080000000, 0x0000000100000000)
  region size 1024K, 4 young (4096K), 4 survivors (4096K)
 Metaspace       used 151027K, committed 152768K, reserved 622592K
  class space    used 19633K, committed 20480K, reserved 425984K
}
Event: 731.597 GC heap before
{Heap before GC invocations=100 (full 0):
 garbage-first heap   total 485376K, used 411432K [0x0000000080000000, 0x0000000100000000)
  region size 1024K, 66 young (67584K), 4 survivors (4096K)
 Metaspace       used 153813K, committed 155584K, reserved 622592K
  class space    used 20025K, committed 20864K, reserved 425984K
}
Event: 731.631 GC heap after
{Heap after GC invocations=101 (full 0):
 garbage-first heap   total 485376K, used 355617K [0x0000000080000000, 0x0000000100000000)
  region size 1024K, 9 young (9216K), 9 survivors (9216K)
 Metaspace       used 153813K, committed 155584K, reserved 622592K
  class space    used 20025K, committed 20864K, reserved 425984K
}
Event: 745.222 GC heap before
{Heap before GC invocations=101 (full 0):
 garbage-first heap   total 485376K, used 412961K [0x0000000080000000, 0x0000000100000000)
  region size 1024K, 62 young (63488K), 9 survivors (9216K)
 Metaspace       used 154165K, committed 156032K, reserved 622592K
  class space    used 20063K, committed 20928K, reserved 425984K
}
Event: 745.260 GC heap after
{Heap after GC invocations=102 (full 0):
 garbage-first heap   total 485376K, used 358393K [0x0000000080000000, 0x0000000100000000)
  region size 1024K, 7 young (7168K), 7 survivors (7168K)
 Metaspace       used 154165K, committed 156032K, reserved 622592K
  class space    used 20063K, committed 20928K, reserved 425984K
}
Event: 755.600 GC heap before
{Heap before GC invocations=102 (full 0):
 garbage-first heap   total 485376K, used 412665K [0x0000000080000000, 0x0000000100000000)
  region size 1024K, 59 young (60416K), 7 survivors (7168K)
 Metaspace       used 158535K, committed 160384K, reserved 622592K
  class space    used 20655K, committed 21504K, reserved 425984K
}
Event: 755.623 GC heap after
{Heap after GC invocations=103 (full 0):
 garbage-first heap   total 485376K, used 363369K [0x0000000080000000, 0x0000000100000000)
  region size 1024K, 4 young (4096K), 4 survivors (4096K)
 Metaspace       used 158535K, committed 160384K, reserved 622592K
  class space    used 20655K, committed 21504K, reserved 425984K
}
Event: 766.686 GC heap before
{Heap before GC invocations=103 (full 0):
 garbage-first heap   total 485376K, used 434025K [0x0000000080000000, 0x0000000100000000)
  region size 1024K, 55 young (56320K), 4 survivors (4096K)
 Metaspace       used 164553K, committed 166464K, reserved 622592K
  class space    used 21566K, committed 22464K, reserved 425984K
}
Event: 766.704 GC heap after
{Heap after GC invocations=104 (full 0):
 garbage-first heap   total 485376K, used 372779K [0x0000000080000000, 0x0000000100000000)
  region size 1024K, 7 young (7168K), 7 survivors (7168K)
 Metaspace       used 164553K, committed 166464K, reserved 622592K
  class space    used 21566K, committed 22464K, reserved 425984K
}
Event: 778.724 GC heap before
{Heap before GC invocations=104 (full 0):
 garbage-first heap   total 485376K, used 420907K [0x0000000080000000, 0x0000000100000000)
  region size 1024K, 52 young (53248K), 7 survivors (7168K)
 Metaspace       used 167477K, committed 169280K, reserved 622592K
  class space    used 21987K, committed 22848K, reserved 425984K
}
Event: 778.813 GC heap after
{Heap after GC invocations=105 (full 0):
 garbage-first heap   total 485376K, used 374633K [0x0000000080000000, 0x0000000100000000)
  region size 1024K, 7 young (7168K), 7 survivors (7168K)
 Metaspace       used 167477K, committed 169280K, reserved 622592K
  class space    used 21987K, committed 22848K, reserved 425984K
}

